    ======  ======
    Time:3/19/2023 10:25:32 AM
    Title: Initiate log
    Message: 
    Time:3/19/2023 10:25:32 AM
    Title: Initiate InternalManager
    Message: Trying to Validate License
    Time:3/19/2023 10:25:32 AM
    Title: Requesting EVT
    Message: EVTP
    Time:3/19/2023 10:25:32 AM
    Title: Requesting Validation
    Message: ILMValidate
    Time:3/19/2023 10:25:32 AM
    Title: LICENSER
    Message: TRL MODE
    Time:3/19/2023 10:25:32 AM
    Title: LICENSER
    Message: DS LEFT-180
    Time:3/19/2023 10:25:32 AM
    Title: LICENSER
    Message: DT MARK PASSED-180.00:00:00
    Time:3/19/2023 10:25:32 AM
    Title: ILMValidate action
    Message: LIC
    Time:3/19/2023 10:25:32 AM
    Title: LICENSER - TGO
    Message: Start
    Entering constructor for: Telerik.CommonPackage.VSPackage
    Entering Initialize() of: Telerik.CommonPackage.VSPackage
